{
  "stats": {
    "suites": 1,
    "tests": 10,
    "passes": 10,
    "pending": 0,
    "failures": 0,
    "start": "2024-01-31T17:07:27.699Z",
    "end": "2024-01-31T17:07:34.770Z",
    "duration": 7071,
    "testsRegistered": 10,
    "passPercent": 100,
    "pendingPercent": 0,
    "other": 0,
    "hasOther": false,
    "skipped": 0,
    "hasSkipped": false
  },
  "results": [
    {
      "uuid": "829e33f0-8517-45b6-bb3c-3a6b8c648bb9",
      "title": "",
      "fullFile": "cypress\\e2e\\viewallquizzes.cy.js",
      "file": "cypress\\e2e\\viewallquizzes.cy.js",
      "beforeHooks": [],
      "afterHooks": [],
      "tests": [],
      "suites": [
        {
          "uuid": "10dc1a9b-e74e-4bfa-b5a6-e5da77ac9d8e",
          "title": "viewAllquizzes Page UI Testing",
          "fullFile": "",
          "file": "",
          "beforeHooks": [],
          "afterHooks": [],
          "tests": [
            {
              "title": "Should have the correct title",
              "fullTitle": "viewAllquizzes Page UI Testing Should have the correct title",
              "timedOut": null,
              "duration": 261,
              "state": "passed",
              "speed": "fast",
              "pass": true,
              "fail": false,
              "pending": false,
              "context": null,
              "code": "cy.title().should('eq', 'View All Quizzes Admin');",
              "err": {},
              "uuid": "71f984e8-505b-4dfb-b226-bcd4305b32cd",
              "parentUUID": "10dc1a9b-e74e-4bfa-b5a6-e5da77ac9d8e",
              "isHook": false,
              "skipped": false
            },
            {
              "title": "Should have a logout link",
              "fullTitle": "viewAllquizzes Page UI Testing Should have a logout link",
              "timedOut": null,
              "duration": 204,
              "state": "passed",
              "speed": "fast",
              "pass": true,
              "fail": false,
              "pending": false,
              "context": null,
              "code": "cy.get('#logoutLink').should('be.visible');",
              "err": {},
              "uuid": "5ae47989-956a-4a66-adf4-ad27aae68360",
              "parentUUID": "10dc1a9b-e74e-4bfa-b5a6-e5da77ac9d8e",
              "isHook": false,
              "skipped": false
            },
            {
              "title": "Should have an Add Quiz button",
              "fullTitle": "viewAllquizzes Page UI Testing Should have an Add Quiz button",
              "timedOut": null,
              "duration": 185,
              "state": "passed",
              "speed": "fast",
              "pass": true,
              "fail": false,
              "pending": false,
              "context": null,
              "code": "cy.get('#redirectAddQuiz').should('be.visible');",
              "err": {},
              "uuid": "8250e63b-4411-4122-b347-b33ded74a9f9",
              "parentUUID": "10dc1a9b-e74e-4bfa-b5a6-e5da77ac9d8e",
              "isHook": false,
              "skipped": false
            },
            {
              "title": "Should display quizzes after fetching",
              "fullTitle": "viewAllquizzes Page UI Testing Should display quizzes after fetching",
              "timedOut": null,
              "duration": 193,
              "state": "passed",
              "speed": "fast",
              "pass": true,
              "fail": false,
              "pending": false,
              "context": null,
              "code": "cy.get('.quiz').should('have.length.gt', 0);",
              "err": {},
              "uuid": "5804827d-2187-4dd4-a034-a2096acaedb1",
              "parentUUID": "10dc1a9b-e74e-4bfa-b5a6-e5da77ac9d8e",
              "isHook": false,
              "skipped": false
            },
            {
              "title": "Should open a modal when a delete button is clicked",
              "fullTitle": "viewAllquizzes Page UI Testing Should open a modal when a delete button is clicked",
              "timedOut": null,
              "duration": 311,
              "state": "passed",
              "speed": "fast",
              "pass": true,
              "fail": false,
              "pending": false,
              "context": null,
              "code": "cy.get('.delete-button').first().click();\ncy.get('#myModal').should('be.visible');",
              "err": {},
              "uuid": "674a1ff3-bd58-4209-b391-66145b3bbf16",
              "parentUUID": "10dc1a9b-e74e-4bfa-b5a6-e5da77ac9d8e",
              "isHook": false,
              "skipped": false
            },
            {
              "title": "Should close the modal when the No button is clicked",
              "fullTitle": "viewAllquizzes Page UI Testing Should close the modal when the No button is clicked",
              "timedOut": null,
              "duration": 497,
              "state": "passed",
              "speed": "fast",
              "pass": true,
              "fail": false,
              "pending": false,
              "context": null,
              "code": "cy.get('.delete-button').eq(0).click();\ncy.get('#myModal').should('be.visible');\ncy.get('#cancel-delete').click();\ncy.get('#myModal').should('not.be.visible');",
              "err": {},
              "uuid": "0664e625-48fb-422e-80bc-6d543c4ef740",
              "parentUUID": "10dc1a9b-e74e-4bfa-b5a6-e5da77ac9d8e",
              "isHook": false,
              "skipped": false
            },
            {
              "title": "Should fetch and display quizzes for a course",
              "fullTitle": "viewAllquizzes Page UI Testing Should fetch and display quizzes for a course",
              "timedOut": null,
              "duration": 293,
              "state": "passed",
              "speed": "fast",
              "pass": true,
              "fail": false,
              "pending": false,
              "context": null,
              "code": "cy.get('.course-button').eq(1).click();\ncy.get('.quiz').should('have.length.gt', 0);",
              "err": {},
              "uuid": "e3211cd0-0723-47ee-b115-11857f5b25ff",
              "parentUUID": "10dc1a9b-e74e-4bfa-b5a6-e5da77ac9d8e",
              "isHook": false,
              "skipped": false
            },
            {
              "title": "Should not display any quizzes for a course with no quizzes",
              "fullTitle": "viewAllquizzes Page UI Testing Should not display any quizzes for a course with no quizzes",
              "timedOut": null,
              "duration": 333,
              "state": "passed",
              "speed": "fast",
              "pass": true,
              "fail": false,
              "pending": false,
              "context": null,
              "code": "cy.get('.course-button').eq(4).click();\ncy.get('.quiz').should('not.exist');\ncy.get('.no-quizzes-message').should('have.text', 'No quizzes found for this course');",
              "err": {},
              "uuid": "435c6e85-27ed-45fe-832f-92fb95c0bbb7",
              "parentUUID": "10dc1a9b-e74e-4bfa-b5a6-e5da77ac9d8e",
              "isHook": false,
              "skipped": false
            },
            {
              "title": "Should delete a quiz when the delete button is clicked and the deletion is confirmed",
              "fullTitle": "viewAllquizzes Page UI Testing Should delete a quiz when the delete button is clicked and the deletion is confirmed",
              "timedOut": null,
              "duration": 3673,
              "state": "passed",
              "speed": "fast",
              "pass": true,
              "fail": false,
              "pending": false,
              "context": null,
              "code": "cy.wait(1000);\ncy.window().then(win => {\n  win.fetchAndDisplayQuizzesByCourse(\"Calculas\");\n});\ncy.wait(1000);\ncy.get('.delete-button').then($deleteButtons => {\n  const initialCount = $deleteButtons.length;\n  cy.get('.delete-button').first().click();\n  cy.get('#confirm-delete').click();\n  cy.wait(1000);\n  cy.get('.quiz').should('have.length', initialCount - 1);\n});",
              "err": {},
              "uuid": "b7b74da5-77a3-4772-9b2d-8aadbe0ae421",
              "parentUUID": "10dc1a9b-e74e-4bfa-b5a6-e5da77ac9d8e",
              "isHook": false,
              "skipped": false
            },
            {
              "title": "Add Quiz button should redirect to addQuiz.html",
              "fullTitle": "viewAllquizzes Page UI Testing Add Quiz button should redirect to addQuiz.html",
              "timedOut": null,
              "duration": 330,
              "state": "passed",
              "speed": "fast",
              "pass": true,
              "fail": false,
              "pending": false,
              "context": null,
              "code": "cy.get('#redirectAddQuiz').click().then(() => {\n  cy.url().should('include', 'addQuiz.html');\n});",
              "err": {},
              "uuid": "dcefe34d-c43c-4b00-83bc-155d1c735209",
              "parentUUID": "10dc1a9b-e74e-4bfa-b5a6-e5da77ac9d8e",
              "isHook": false,
              "skipped": false
            }
          ],
          "suites": [],
          "passes": [
            "71f984e8-505b-4dfb-b226-bcd4305b32cd",
            "5ae47989-956a-4a66-adf4-ad27aae68360",
            "8250e63b-4411-4122-b347-b33ded74a9f9",
            "5804827d-2187-4dd4-a034-a2096acaedb1",
            "674a1ff3-bd58-4209-b391-66145b3bbf16",
            "0664e625-48fb-422e-80bc-6d543c4ef740",
            "e3211cd0-0723-47ee-b115-11857f5b25ff",
            "435c6e85-27ed-45fe-832f-92fb95c0bbb7",
            "b7b74da5-77a3-4772-9b2d-8aadbe0ae421",
            "dcefe34d-c43c-4b00-83bc-155d1c735209"
          ],
          "failures": [],
          "pending": [],
          "skipped": [],
          "duration": 6280,
          "root": false,
          "rootEmpty": false,
          "_timeout": 2000
        }
      ],
      "passes": [],
      "failures": [],
      "pending": [],
      "skipped": [],
      "duration": 0,
      "root": true,
      "rootEmpty": true,
      "_timeout": 2000
    }
  ],
  "meta": {
    "mocha": {
      "version": "7.0.1"
    },
    "mochawesome": {
      "options": {
        "quiet": true,
        "reportFilename": "mochawesome",
        "saveHtml": true,
        "saveJson": true,
        "consoleReporter": "spec",
        "useInlineDiffs": false,
        "code": true
      },
      "version": "7.1.3"
    },
    "marge": {
      "options": {
        "reportDir": "cypress/reports/mochawesome-report",
        "quiet": true,
        "overwrite": true,
        "html": true,
        "json": true
      },
      "version": "6.2.0"
    }
  }
}