{
  "stats": {
    "suites": 1,
    "tests": 10,
    "passes": 10,
    "pending": 0,
    "failures": 0,
    "start": "2024-01-28T09:26:48.757Z",
    "end": "2024-01-28T09:26:55.655Z",
    "duration": 6898,
    "testsRegistered": 10,
    "passPercent": 100,
    "pendingPercent": 0,
    "other": 0,
    "hasOther": false,
    "skipped": 0,
    "hasSkipped": false
  },
  "results": [
    {
      "uuid": "57ce036b-5168-4e58-b395-45222399b883",
      "title": "",
      "fullFile": "cypress\\e2e\\viewallquizzes.cy.js",
      "file": "cypress\\e2e\\viewallquizzes.cy.js",
      "beforeHooks": [],
      "afterHooks": [],
      "tests": [],
      "suites": [
        {
          "uuid": "0f6ab2a9-cbd2-4b95-9552-e222907667eb",
          "title": "viewAllquizzes Page UI Testing",
          "fullFile": "",
          "file": "",
          "beforeHooks": [],
          "afterHooks": [],
          "tests": [
            {
              "title": "Should have the correct title",
              "fullTitle": "viewAllquizzes Page UI Testing Should have the correct title",
              "timedOut": null,
              "duration": 315,
              "state": "passed",
              "speed": "fast",
              "pass": true,
              "fail": false,
              "pending": false,
              "context": null,
              "code": "cy.title().should('eq', 'View All Quizzes Admin');",
              "err": {},
              "uuid": "ce95a819-67ed-4435-a232-a5e133343d51",
              "parentUUID": "0f6ab2a9-cbd2-4b95-9552-e222907667eb",
              "isHook": false,
              "skipped": false
            },
            {
              "title": "Should have a logout link",
              "fullTitle": "viewAllquizzes Page UI Testing Should have a logout link",
              "timedOut": null,
              "duration": 177,
              "state": "passed",
              "speed": "fast",
              "pass": true,
              "fail": false,
              "pending": false,
              "context": null,
              "code": "cy.get('#logoutLink').should('be.visible');",
              "err": {},
              "uuid": "58c04cbc-026e-49c6-adbc-4468f39b8bf8",
              "parentUUID": "0f6ab2a9-cbd2-4b95-9552-e222907667eb",
              "isHook": false,
              "skipped": false
            },
            {
              "title": "Should have an Add Quiz button",
              "fullTitle": "viewAllquizzes Page UI Testing Should have an Add Quiz button",
              "timedOut": null,
              "duration": 136,
              "state": "passed",
              "speed": "fast",
              "pass": true,
              "fail": false,
              "pending": false,
              "context": null,
              "code": "cy.get('#redirectAddQuiz').should('be.visible');",
              "err": {},
              "uuid": "47cd9cf4-7490-4643-8f4c-1da203eee63f",
              "parentUUID": "0f6ab2a9-cbd2-4b95-9552-e222907667eb",
              "isHook": false,
              "skipped": false
            },
            {
              "title": "Should display quizzes after fetching",
              "fullTitle": "viewAllquizzes Page UI Testing Should display quizzes after fetching",
              "timedOut": null,
              "duration": 181,
              "state": "passed",
              "speed": "fast",
              "pass": true,
              "fail": false,
              "pending": false,
              "context": null,
              "code": "cy.get('.quiz').should('have.length.gt', 0);",
              "err": {},
              "uuid": "65246ecc-881f-4d24-aec0-9012579b34c5",
              "parentUUID": "0f6ab2a9-cbd2-4b95-9552-e222907667eb",
              "isHook": false,
              "skipped": false
            },
            {
              "title": "Should open a modal when a delete button is clicked",
              "fullTitle": "viewAllquizzes Page UI Testing Should open a modal when a delete button is clicked",
              "timedOut": null,
              "duration": 287,
              "state": "passed",
              "speed": "fast",
              "pass": true,
              "fail": false,
              "pending": false,
              "context": null,
              "code": "cy.get('.delete-button').first().click();\ncy.get('#myModal').should('be.visible');",
              "err": {},
              "uuid": "2c5eb513-d69d-4078-8bd5-6c5ac0f0a2e4",
              "parentUUID": "0f6ab2a9-cbd2-4b95-9552-e222907667eb",
              "isHook": false,
              "skipped": false
            },
            {
              "title": "Should close the modal when the No button is clicked",
              "fullTitle": "viewAllquizzes Page UI Testing Should close the modal when the No button is clicked",
              "timedOut": null,
              "duration": 378,
              "state": "passed",
              "speed": "fast",
              "pass": true,
              "fail": false,
              "pending": false,
              "context": null,
              "code": "cy.get('.delete-button').eq(0).click();\ncy.get('#myModal').should('be.visible');\ncy.get('#cancel-delete').click();\ncy.get('#myModal').should('not.be.visible');",
              "err": {},
              "uuid": "938af445-7868-4a94-99ea-5528ddbcbb2a",
              "parentUUID": "0f6ab2a9-cbd2-4b95-9552-e222907667eb",
              "isHook": false,
              "skipped": false
            },
            {
              "title": "Should fetch and display quizzes for a course",
              "fullTitle": "viewAllquizzes Page UI Testing Should fetch and display quizzes for a course",
              "timedOut": null,
              "duration": 292,
              "state": "passed",
              "speed": "fast",
              "pass": true,
              "fail": false,
              "pending": false,
              "context": null,
              "code": "cy.get('.course-button').eq(1).click();\ncy.get('.quiz').should('have.length.gt', 0);",
              "err": {},
              "uuid": "dbba8b99-beda-4c15-91ef-e56ec7126009",
              "parentUUID": "0f6ab2a9-cbd2-4b95-9552-e222907667eb",
              "isHook": false,
              "skipped": false
            },
            {
              "title": "Should not display any quizzes for a course with no quizzes",
              "fullTitle": "viewAllquizzes Page UI Testing Should not display any quizzes for a course with no quizzes",
              "timedOut": null,
              "duration": 282,
              "state": "passed",
              "speed": "fast",
              "pass": true,
              "fail": false,
              "pending": false,
              "context": null,
              "code": "cy.get('.course-button').eq(2).click();\ncy.get('.quiz').should('not.exist');\ncy.get('.no-quizzes-message').should('have.text', 'No quizzes found for this course');",
              "err": {},
              "uuid": "51df2f91-9987-4a01-8120-70f48d8796a0",
              "parentUUID": "0f6ab2a9-cbd2-4b95-9552-e222907667eb",
              "isHook": false,
              "skipped": false
            },
            {
              "title": "Should delete a quiz when the delete button is clicked and the deletion is confirmed",
              "fullTitle": "viewAllquizzes Page UI Testing Should delete a quiz when the delete button is clicked and the deletion is confirmed",
              "timedOut": null,
              "duration": 3780,
              "state": "passed",
              "speed": "fast",
              "pass": true,
              "fail": false,
              "pending": false,
              "context": null,
              "code": "cy.wait(1000);\ncy.window().then(win => {\n  win.fetchAndDisplayQuizzesByCourse(\"Calculus\");\n});\ncy.wait(1000);\ncy.get('.delete-button').then($deleteButtons => {\n  const initialCount = $deleteButtons.length;\n  cy.get('.delete-button').first().click();\n  cy.get('#confirm-delete').click();\n  cy.wait(1000);\n  cy.get('.quiz').should('have.length', initialCount - 1);\n});",
              "err": {},
              "uuid": "8c42b7f3-ff9e-4821-92b0-0a0201d1dd44",
              "parentUUID": "0f6ab2a9-cbd2-4b95-9552-e222907667eb",
              "isHook": false,
              "skipped": false
            },
            {
              "title": "Add Quiz button should redirect to addQuiz.html",
              "fullTitle": "viewAllquizzes Page UI Testing Add Quiz button should redirect to addQuiz.html",
              "timedOut": null,
              "duration": 417,
              "state": "passed",
              "speed": "fast",
              "pass": true,
              "fail": false,
              "pending": false,
              "context": null,
              "code": "cy.get('#redirectAddQuiz').click().then(() => {\n  cy.url().should('include', 'addQuiz.html');\n});",
              "err": {},
              "uuid": "3440cab5-5f35-4111-9649-86a8470317b2",
              "parentUUID": "0f6ab2a9-cbd2-4b95-9552-e222907667eb",
              "isHook": false,
              "skipped": false
            }
          ],
          "suites": [],
          "passes": [
            "ce95a819-67ed-4435-a232-a5e133343d51",
            "58c04cbc-026e-49c6-adbc-4468f39b8bf8",
            "47cd9cf4-7490-4643-8f4c-1da203eee63f",
            "65246ecc-881f-4d24-aec0-9012579b34c5",
            "2c5eb513-d69d-4078-8bd5-6c5ac0f0a2e4",
            "938af445-7868-4a94-99ea-5528ddbcbb2a",
            "dbba8b99-beda-4c15-91ef-e56ec7126009",
            "51df2f91-9987-4a01-8120-70f48d8796a0",
            "8c42b7f3-ff9e-4821-92b0-0a0201d1dd44",
            "3440cab5-5f35-4111-9649-86a8470317b2"
          ],
          "failures": [],
          "pending": [],
          "skipped": [],
          "duration": 6245,
          "root": false,
          "rootEmpty": false,
          "_timeout": 2000
        }
      ],
      "passes": [],
      "failures": [],
      "pending": [],
      "skipped": [],
      "duration": 0,
      "root": true,
      "rootEmpty": true,
      "_timeout": 2000
    }
  ],
  "meta": {
    "mocha": {
      "version": "7.0.1"
    },
    "mochawesome": {
      "options": {
        "quiet": true,
        "reportFilename": "mochawesome",
        "saveHtml": true,
        "saveJson": true,
        "consoleReporter": "spec",
        "useInlineDiffs": false,
        "code": true
      },
      "version": "7.1.3"
    },
    "marge": {
      "options": {
        "reportDir": "cypress/reports/mochawesome-report",
        "quiet": true,
        "overwrite": true,
        "html": true,
        "json": true
      },
      "version": "6.2.0"
    }
  }
}